mode: atomic
github.com/mateusmacedo/vibranium/specification/pkg/and_specification.go:9.105,11.2 1 4
github.com/mateusmacedo/vibranium/specification/pkg/and_specification.go:13.63,14.31 1 4
github.com/mateusmacedo/vibranium/specification/pkg/and_specification.go:14.31,15.37 1 6
github.com/mateusmacedo/vibranium/specification/pkg/and_specification.go:15.37,17.4 1 1
github.com/mateusmacedo/vibranium/specification/pkg/and_specification.go:19.2,19.13 1 3
github.com/mateusmacedo/vibranium/specification/pkg/or_specification.go:9.103,11.2 1 5
github.com/mateusmacedo/vibranium/specification/pkg/or_specification.go:13.62,14.31 1 5
github.com/mateusmacedo/vibranium/specification/pkg/or_specification.go:14.31,15.36 1 6
github.com/mateusmacedo/vibranium/specification/pkg/or_specification.go:15.36,17.4 1 3
github.com/mateusmacedo/vibranium/specification/pkg/or_specification.go:19.2,19.14 1 2
