mode: atomic
github.com/mateusmacedo/vibranium/specification/pkg/and_specification.go:9.105,11.2 1 20
github.com/mateusmacedo/vibranium/specification/pkg/and_specification.go:13.63,14.34 1 20
github.com/mateusmacedo/vibranium/specification/pkg/and_specification.go:14.34,15.43 1 44
github.com/mateusmacedo/vibranium/specification/pkg/and_specification.go:15.43,17.10 1 9
github.com/mateusmacedo/vibranium/specification/pkg/and_specification.go:19.5,19.16 1 11
github.com/mateusmacedo/vibranium/specification/pkg/not_specification.go:9.101,11.2 1 16
github.com/mateusmacedo/vibranium/specification/pkg/not_specification.go:13.63,15.2 1 11
github.com/mateusmacedo/vibranium/specification/pkg/or_specification.go:9.103,11.2 1 21
github.com/mateusmacedo/vibranium/specification/pkg/or_specification.go:13.62,14.34 1 18
github.com/mateusmacedo/vibranium/specification/pkg/or_specification.go:14.34,15.42 1 25
github.com/mateusmacedo/vibranium/specification/pkg/or_specification.go:15.42,17.10 1 11
github.com/mateusmacedo/vibranium/specification/pkg/or_specification.go:19.5,19.17 1 7
github.com/mateusmacedo/vibranium/specification/pkg/specification_builder.go:14.87,16.2 1 18
github.com/mateusmacedo/vibranium/specification/pkg/specification_builder.go:18.128,19.18 1 27
github.com/mateusmacedo/vibranium/specification/pkg/specification_builder.go:19.18,21.3 1 2
github.com/mateusmacedo/vibranium/specification/pkg/specification_builder.go:22.2,22.16 1 25
github.com/mateusmacedo/vibranium/specification/pkg/specification_builder.go:22.16,25.3 2 6
github.com/mateusmacedo/vibranium/specification/pkg/specification_builder.go:26.2,27.10 2 19
github.com/mateusmacedo/vibranium/specification/pkg/specification_builder.go:30.118,31.17 1 16
github.com/mateusmacedo/vibranium/specification/pkg/specification_builder.go:31.17,33.3 1 4
github.com/mateusmacedo/vibranium/specification/pkg/specification_builder.go:34.2,34.38 1 12
github.com/mateusmacedo/vibranium/specification/pkg/specification_builder.go:37.104,38.17 1 5
github.com/mateusmacedo/vibranium/specification/pkg/specification_builder.go:38.17,40.3 1 1
github.com/mateusmacedo/vibranium/specification/pkg/specification_builder.go:41.2,41.32 1 4
github.com/mateusmacedo/vibranium/specification/pkg/specification_builder.go:41.32,43.3 1 1
github.com/mateusmacedo/vibranium/specification/pkg/specification_builder.go:44.2,47.46 4 3
github.com/mateusmacedo/vibranium/specification/pkg/specification_builder.go:50.103,51.17 1 6
github.com/mateusmacedo/vibranium/specification/pkg/specification_builder.go:51.17,53.3 1 1
github.com/mateusmacedo/vibranium/specification/pkg/specification_builder.go:54.2,54.32 1 5
github.com/mateusmacedo/vibranium/specification/pkg/specification_builder.go:54.32,56.3 1 3
github.com/mateusmacedo/vibranium/specification/pkg/specification_builder.go:57.2,60.46 4 2
github.com/mateusmacedo/vibranium/specification/pkg/specification_builder.go:63.74,64.18 1 4
github.com/mateusmacedo/vibranium/specification/pkg/specification_builder.go:64.18,66.3 1 1
github.com/mateusmacedo/vibranium/specification/pkg/specification_builder.go:67.2,67.32 1 3
github.com/mateusmacedo/vibranium/specification/pkg/specification_builder.go:67.32,70.3 2 1
github.com/mateusmacedo/vibranium/specification/pkg/specification_builder.go:71.2,74.10 4 2
github.com/mateusmacedo/vibranium/specification/pkg/specification_builder.go:77.78,78.18 1 18
github.com/mateusmacedo/vibranium/specification/pkg/specification_builder.go:78.18,80.3 1 7
github.com/mateusmacedo/vibranium/specification/pkg/specification_builder.go:81.2,81.32 1 11
github.com/mateusmacedo/vibranium/specification/pkg/specification_builder.go:81.32,83.3 1 1
github.com/mateusmacedo/vibranium/specification/pkg/specification_builder.go:84.2,84.32 1 10
github.com/mateusmacedo/vibranium/specification/pkg/specification_builder.go:84.32,86.3 1 8
github.com/mateusmacedo/vibranium/specification/pkg/specification_builder.go:87.2,87.57 1 2
