mode: atomic
github.com/mateusmacedo/vibranium/specification/and_specification.go:9.105,11.2 1 20
github.com/mateusmacedo/vibranium/specification/and_specification.go:13.63,14.34 1 20
github.com/mateusmacedo/vibranium/specification/and_specification.go:14.34,15.43 1 44
github.com/mateusmacedo/vibranium/specification/and_specification.go:15.43,17.10 1 9
github.com/mateusmacedo/vibranium/specification/and_specification.go:19.5,19.16 1 11
github.com/mateusmacedo/vibranium/specification/not_specification.go:9.101,11.2 1 16
github.com/mateusmacedo/vibranium/specification/not_specification.go:13.63,15.2 1 11
github.com/mateusmacedo/vibranium/specification/or_specification.go:9.103,11.2 1 21
github.com/mateusmacedo/vibranium/specification/or_specification.go:13.62,14.34 1 18
github.com/mateusmacedo/vibranium/specification/or_specification.go:14.34,15.42 1 25
github.com/mateusmacedo/vibranium/specification/or_specification.go:15.42,17.10 1 11
github.com/mateusmacedo/vibranium/specification/or_specification.go:19.5,19.17 1 7
github.com/mateusmacedo/vibranium/specification/specification_builder.go:14.87,16.2 1 18
github.com/mateusmacedo/vibranium/specification/specification_builder.go:18.128,19.18 1 27
github.com/mateusmacedo/vibranium/specification/specification_builder.go:19.18,21.3 1 2
github.com/mateusmacedo/vibranium/specification/specification_builder.go:22.2,22.16 1 25
github.com/mateusmacedo/vibranium/specification/specification_builder.go:22.16,25.3 2 6
github.com/mateusmacedo/vibranium/specification/specification_builder.go:26.2,27.10 2 19
github.com/mateusmacedo/vibranium/specification/specification_builder.go:30.118,31.17 1 16
github.com/mateusmacedo/vibranium/specification/specification_builder.go:31.17,33.3 1 4
github.com/mateusmacedo/vibranium/specification/specification_builder.go:34.2,34.38 1 12
github.com/mateusmacedo/vibranium/specification/specification_builder.go:37.104,38.17 1 5
github.com/mateusmacedo/vibranium/specification/specification_builder.go:38.17,40.3 1 1
github.com/mateusmacedo/vibranium/specification/specification_builder.go:41.2,41.32 1 4
github.com/mateusmacedo/vibranium/specification/specification_builder.go:41.32,43.3 1 1
github.com/mateusmacedo/vibranium/specification/specification_builder.go:44.2,48.46 5 3
github.com/mateusmacedo/vibranium/specification/specification_builder.go:51.103,52.17 1 6
github.com/mateusmacedo/vibranium/specification/specification_builder.go:52.17,54.3 1 1
github.com/mateusmacedo/vibranium/specification/specification_builder.go:55.2,55.32 1 5
github.com/mateusmacedo/vibranium/specification/specification_builder.go:55.32,57.3 1 3
github.com/mateusmacedo/vibranium/specification/specification_builder.go:58.2,61.46 4 2
github.com/mateusmacedo/vibranium/specification/specification_builder.go:64.74,65.18 1 4
github.com/mateusmacedo/vibranium/specification/specification_builder.go:65.18,67.3 1 1
github.com/mateusmacedo/vibranium/specification/specification_builder.go:68.2,68.32 1 3
github.com/mateusmacedo/vibranium/specification/specification_builder.go:68.32,71.3 2 1
github.com/mateusmacedo/vibranium/specification/specification_builder.go:72.2,75.10 4 2
github.com/mateusmacedo/vibranium/specification/specification_builder.go:78.78,79.18 1 18
github.com/mateusmacedo/vibranium/specification/specification_builder.go:79.18,81.3 1 7
github.com/mateusmacedo/vibranium/specification/specification_builder.go:82.2,82.32 1 11
github.com/mateusmacedo/vibranium/specification/specification_builder.go:82.32,84.3 1 1
github.com/mateusmacedo/vibranium/specification/specification_builder.go:85.2,85.32 1 10
github.com/mateusmacedo/vibranium/specification/specification_builder.go:85.32,87.3 1 8
github.com/mateusmacedo/vibranium/specification/specification_builder.go:88.2,88.57 1 2
