mode: atomic
github.com/mateusmacedo/vibranium/specification/and.go:18.105,20.2 1 20
github.com/mateusmacedo/vibranium/specification/and.go:31.63,32.31 1 20
github.com/mateusmacedo/vibranium/specification/and.go:32.31,33.37 1 44
github.com/mateusmacedo/vibranium/specification/and.go:33.37,35.4 1 9
github.com/mateusmacedo/vibranium/specification/and.go:37.2,37.13 1 11
github.com/mateusmacedo/vibranium/specification/builder.go:19.87,21.2 1 18
github.com/mateusmacedo/vibranium/specification/builder.go:35.128,36.18 1 27
github.com/mateusmacedo/vibranium/specification/builder.go:36.18,38.3 1 2
github.com/mateusmacedo/vibranium/specification/builder.go:39.2,39.16 1 25
github.com/mateusmacedo/vibranium/specification/builder.go:39.16,42.3 2 6
github.com/mateusmacedo/vibranium/specification/builder.go:43.2,44.10 2 19
github.com/mateusmacedo/vibranium/specification/builder.go:57.118,58.17 1 16
github.com/mateusmacedo/vibranium/specification/builder.go:58.17,60.3 1 4
github.com/mateusmacedo/vibranium/specification/builder.go:61.2,61.38 1 12
github.com/mateusmacedo/vibranium/specification/builder.go:74.104,75.17 1 5
github.com/mateusmacedo/vibranium/specification/builder.go:75.17,77.3 1 1
github.com/mateusmacedo/vibranium/specification/builder.go:78.2,78.32 1 4
github.com/mateusmacedo/vibranium/specification/builder.go:78.32,80.3 1 1
github.com/mateusmacedo/vibranium/specification/builder.go:81.2,85.46 5 3
github.com/mateusmacedo/vibranium/specification/builder.go:100.103,101.17 1 6
github.com/mateusmacedo/vibranium/specification/builder.go:101.17,103.3 1 1
github.com/mateusmacedo/vibranium/specification/builder.go:104.2,104.32 1 5
github.com/mateusmacedo/vibranium/specification/builder.go:104.32,106.3 1 3
github.com/mateusmacedo/vibranium/specification/builder.go:107.2,110.46 4 2
github.com/mateusmacedo/vibranium/specification/builder.go:118.74,119.18 1 4
github.com/mateusmacedo/vibranium/specification/builder.go:119.18,121.3 1 1
github.com/mateusmacedo/vibranium/specification/builder.go:122.2,122.32 1 3
github.com/mateusmacedo/vibranium/specification/builder.go:122.32,125.3 2 1
github.com/mateusmacedo/vibranium/specification/builder.go:126.2,129.10 4 2
github.com/mateusmacedo/vibranium/specification/builder.go:140.78,141.18 1 18
github.com/mateusmacedo/vibranium/specification/builder.go:141.18,143.3 1 7
github.com/mateusmacedo/vibranium/specification/builder.go:144.2,144.32 1 11
github.com/mateusmacedo/vibranium/specification/builder.go:144.32,146.3 1 1
github.com/mateusmacedo/vibranium/specification/builder.go:147.2,147.32 1 10
github.com/mateusmacedo/vibranium/specification/builder.go:147.32,149.3 1 8
github.com/mateusmacedo/vibranium/specification/builder.go:150.2,150.57 1 2
github.com/mateusmacedo/vibranium/specification/not.go:18.101,20.2 1 16
github.com/mateusmacedo/vibranium/specification/not.go:30.63,32.2 1 11
github.com/mateusmacedo/vibranium/specification/or.go:19.103,21.2 1 21
github.com/mateusmacedo/vibranium/specification/or.go:32.62,33.31 1 18
github.com/mateusmacedo/vibranium/specification/or.go:33.31,34.36 1 25
github.com/mateusmacedo/vibranium/specification/or.go:34.36,36.4 1 11
github.com/mateusmacedo/vibranium/specification/or.go:38.2,38.14 1 7
