mode: atomic
github.com/mateusmacedo/vibranium/validation/builder.go:9.38,11.2 1 5
github.com/mateusmacedo/vibranium/validation/builder.go:13.85,16.2 2 5
github.com/mateusmacedo/vibranium/validation/builder.go:18.44,20.2 1 5
github.com/mateusmacedo/vibranium/validation/collection.go:14.79,16.2 1 5
github.com/mateusmacedo/vibranium/validation/collection.go:18.51,20.29 2 5
github.com/mateusmacedo/vibranium/validation/collection.go:20.29,21.56 1 5
github.com/mateusmacedo/vibranium/validation/collection.go:21.56,23.50 2 3
github.com/mateusmacedo/vibranium/validation/collection.go:23.50,25.5 1 1
github.com/mateusmacedo/vibranium/validation/collection.go:25.10,27.5 1 2
github.com/mateusmacedo/vibranium/validation/collection.go:30.2,30.20 1 5
github.com/mateusmacedo/vibranium/validation/collection.go:30.20,32.3 1 2
github.com/mateusmacedo/vibranium/validation/collection.go:33.2,33.13 1 3
github.com/mateusmacedo/vibranium/validation/composite.go:17.42,19.2 1 10
github.com/mateusmacedo/vibranium/validation/composite.go:21.84,23.2 1 10
github.com/mateusmacedo/vibranium/validation/composite.go:25.48,27.34 2 10
github.com/mateusmacedo/vibranium/validation/composite.go:27.34,28.54 1 10
github.com/mateusmacedo/vibranium/validation/composite.go:28.54,29.50 1 6
github.com/mateusmacedo/vibranium/validation/composite.go:29.50,31.5 1 2
github.com/mateusmacedo/vibranium/validation/composite.go:31.10,33.5 1 4
github.com/mateusmacedo/vibranium/validation/composite.go:36.2,36.20 1 10
github.com/mateusmacedo/vibranium/validation/composite.go:36.20,38.3 1 4
github.com/mateusmacedo/vibranium/validation/composite.go:39.2,39.13 1 6
github.com/mateusmacedo/vibranium/validation/errors/errors.go:14.33,16.29 2 4
github.com/mateusmacedo/vibranium/validation/errors/errors.go:16.29,18.3 1 5
github.com/mateusmacedo/vibranium/validation/errors/errors.go:19.2,19.42 1 4
github.com/mateusmacedo/vibranium/validation/errors/errors.go:22.45,24.2 1 5
github.com/mateusmacedo/vibranium/validation/errors/errors.go:26.64,27.46 1 1
github.com/mateusmacedo/vibranium/validation/errors/errors.go:27.46,29.3 1 2
github.com/mateusmacedo/vibranium/validation/errors/errors.go:32.33,34.2 1 4
github.com/mateusmacedo/vibranium/validation/presenter/json.go:12.63,15.34 2 4
github.com/mateusmacedo/vibranium/validation/presenter/json.go:15.34,18.32 3 5
github.com/mateusmacedo/vibranium/validation/presenter/json.go:18.32,19.26 1 7
github.com/mateusmacedo/vibranium/validation/presenter/json.go:19.26,20.30 1 5
github.com/mateusmacedo/vibranium/validation/presenter/json.go:20.30,22.6 1 5
github.com/mateusmacedo/vibranium/validation/presenter/json.go:23.5,23.64 1 5
github.com/mateusmacedo/vibranium/validation/presenter/json.go:24.10,25.30 1 2
github.com/mateusmacedo/vibranium/validation/presenter/json.go:25.30,27.6 1 1
github.com/mateusmacedo/vibranium/validation/presenter/json.go:28.5,28.54 1 2
github.com/mateusmacedo/vibranium/validation/presenter/json.go:33.2,34.25 2 4
github.com/mateusmacedo/vibranium/validation/presenter/text.go:11.63,13.34 2 4
github.com/mateusmacedo/vibranium/validation/presenter/text.go:13.34,15.3 1 5
github.com/mateusmacedo/vibranium/validation/presenter/text.go:16.2,16.35 1 4
github.com/mateusmacedo/vibranium/validation/presenter/xml.go:18.60,21.32 2 4
github.com/mateusmacedo/vibranium/validation/presenter/xml.go:21.32,24.32 3 5
github.com/mateusmacedo/vibranium/validation/presenter/xml.go:24.32,25.26 1 7
github.com/mateusmacedo/vibranium/validation/presenter/xml.go:25.26,26.30 1 5
github.com/mateusmacedo/vibranium/validation/presenter/xml.go:26.30,28.6 1 5
github.com/mateusmacedo/vibranium/validation/presenter/xml.go:29.5,29.64 1 5
github.com/mateusmacedo/vibranium/validation/presenter/xml.go:30.10,31.30 1 2
github.com/mateusmacedo/vibranium/validation/presenter/xml.go:31.30,33.6 1 1
github.com/mateusmacedo/vibranium/validation/presenter/xml.go:34.5,34.54 1 2
github.com/mateusmacedo/vibranium/validation/presenter/xml.go:39.2,41.24 3 4
github.com/mateusmacedo/vibranium/validation/presenter/xml.go:44.62,46.31 2 5
github.com/mateusmacedo/vibranium/validation/presenter/xml.go:46.31,47.55 1 6
github.com/mateusmacedo/vibranium/validation/presenter/xml.go:47.55,51.4 3 1
github.com/mateusmacedo/vibranium/validation/presenter/xml.go:51.9,51.48 1 5
github.com/mateusmacedo/vibranium/validation/presenter/xml.go:51.48,54.4 2 5
github.com/mateusmacedo/vibranium/validation/presenter/xml.go:56.2,56.15 1 5
github.com/mateusmacedo/vibranium/validation/validators/digits_only.go:10.50,11.32 1 4
github.com/mateusmacedo/vibranium/validation/validators/digits_only.go:11.32,12.35 1 14
github.com/mateusmacedo/vibranium/validation/validators/digits_only.go:12.35,14.10 1 2
github.com/mateusmacedo/vibranium/validation/validators/digits_only.go:16.5,16.15 1 2
github.com/mateusmacedo/vibranium/validation/validators/exact_length.go:12.51,13.31 1 4
github.com/mateusmacedo/vibranium/validation/validators/exact_length.go:13.31,15.6 1 2
github.com/mateusmacedo/vibranium/validation/validators/exact_length.go:16.5,16.15 1 2
github.com/mateusmacedo/vibranium/validation/validators/positive_number.go:7.51,8.19 1 3
github.com/mateusmacedo/vibranium/validation/validators/positive_number.go:8.19,10.6 1 2
github.com/mateusmacedo/vibranium/validation/validators/positive_number.go:11.5,11.15 1 1
github.com/mateusmacedo/vibranium/validation/validators/string_non_empty.go:7.54,8.20 1 2
github.com/mateusmacedo/vibranium/validation/validators/string_non_empty.go:8.20,10.6 1 1
github.com/mateusmacedo/vibranium/validation/validators/string_non_empty.go:11.5,11.15 1 1
